<?xml version="1.0" encoding="UTF-8"?>
<coverage generated="1644365425655" clover="3.2.0">
  <project timestamp="1644365425655" name="All files">
    <metrics statements="19" coveredstatements="17" conditionals="4" coveredconditionals="4" methods="4" coveredmethods="4" elements="27" coveredelements="25" complexity="0" loc="19" ncloc="19" packages="1" files="2" classes="2"/>
    <file name="CarValidation.ts" path="C:\Users\User\Desktop\proyectos propios\UdeA\Pruebas\practica1\src\use-cases\CarValidation.ts">
      <metrics statements="15" coveredstatements="13" conditionals="4" coveredconditionals="4" methods="3" coveredmethods="3"/>
      <line num="5" count="1" type="stmt"/>
      <line num="12" count="1" type="stmt"/>
      <line num="20" count="1" type="stmt"/>
      <line num="22" count="1" type="stmt"/>
      <line num="25" count="1" type="stmt"/>
      <line num="27" count="1" type="cond" truecount="1" falsecount="0"/>
      <line num="29" count="1" type="stmt"/>
      <line num="30" count="1" type="stmt"/>
      <line num="34" count="0" type="stmt"/>
      <line num="35" count="0" type="stmt"/>
      <line num="40" count="1" type="stmt"/>
      <line num="42" count="1" type="cond" truecount="3" falsecount="0"/>
      <line num="43" count="1" type="stmt"/>
      <line num="44" count="1" type="stmt"/>
      <line num="48" count="1" type="stmt"/>
    </file>
    <file name="ClientValidation.ts" path="C:\Users\User\Desktop\proyectos propios\UdeA\Pruebas\practica1\src\use-cases\ClientValidation.ts">
      <metrics statements="4" coveredstatements="4" conditionals="0" coveredconditionals="0" methods="1" coveredmethods="1"/>
      <line num="3" count="1" type="stmt"/>
      <line num="12" count="1" type="stmt"/>
      <line num="13" count="1" type="stmt"/>
      <line num="14" count="1" type="stmt"/>
    </file>
  </project>
</coverage>
