{"C:\\Users\\User\\Desktop\\proyectos propios\\UdeA\\Pruebas\\practica1\\src\\use-cases\\sum.ts": {"path":"C:\\Users\\User\\Desktop\\proyectos propios\\UdeA\\Pruebas\\practica1\\src\\use-cases\\sum.ts","statementMap":{"0":{"start":{"line":5,"column":4},"end":{"line":5,"column":17}},"1":{"start":{"line":3,"column":0},"end":{"line":3,"column":16}}},"fnMap":{"0":{"name":"sum","decl":{"start":{"line":3,"column":16},"end":{"line":3,"column":19}},"loc":{"start":{"line":3,"column":40},"end":{"line":6,"column":1}}}},"branchMap":{},"s":{"0":1,"1":1},"f":{"0":1},"b":{}}
}
