TN:
SF:dist\src\use-cases\CarValidation.js
FN:18,validatePlate
FN:22,validateMoney
FN:31,buyCar
FNF:3
FNH:3
FNDA:1,validatePlate
FNDA:1,validateMoney
FNDA:1,buyCar
DA:2,1
DA:3,1
DA:4,1
DA:10,1
DA:19,1
DA:21,1
DA:23,1
DA:24,1
DA:25,1
DA:27,0
DA:28,0
DA:30,1
DA:32,1
DA:33,1
DA:34,1
DA:36,1
DA:38,1
LF:17
LH:15
BRDA:23,0,0,1
BRDA:23,0,1,0
BRDA:32,1,0,1
BRDA:32,1,1,0
BRDA:32,2,0,1
BRDA:32,2,1,1
BRF:6
BRH:4
end_of_record
TN:
SF:dist\src\use-cases\ClientValidation.js
FN:12,validateNit
FNF:1
FNH:1
FNDA:1,validateNit
DA:2,1
DA:3,1
DA:4,1
DA:13,1
DA:14,1
DA:16,1
LF:6
LH:6
BRF:0
BRH:0
end_of_record
TN:
SF:src\use-cases\CarValidation.ts
FN:21,validatePlate
FN:26,validateMoney
FN:41,buyCar
FNF:3
FNH:3
FNDA:1,validatePlate
FNDA:1,validateMoney
FNDA:1,buyCar
DA:6,1
DA:13,1
DA:21,1
DA:23,1
DA:26,1
DA:28,1
DA:30,1
DA:31,1
DA:35,0
DA:36,0
DA:41,1
DA:43,1
DA:44,1
DA:45,1
DA:49,1
LF:15
LH:13
BRDA:28,0,0,1
BRDA:43,1,0,1
BRDA:43,2,0,1
BRDA:43,2,1,1
BRF:4
BRH:4
end_of_record
TN:
SF:src\use-cases\ClientValidation.ts
FN:12,validateNit
FNF:1
FNH:1
FNDA:1,validateNit
DA:3,1
DA:12,1
DA:13,1
DA:14,1
LF:4
LH:4
BRF:0
BRH:0
end_of_record
