TN:
SF:src\use-cases\CarValidation.ts
FN:20,validatePlate
FN:25,validateMoney
FN:40,buyCar
FNF:3
FNH:3
FNDA:1,validatePlate
FNDA:1,validateMoney
FNDA:1,buyCar
DA:5,1
DA:12,1
DA:20,1
DA:22,1
DA:25,1
DA:27,1
DA:29,1
DA:30,1
DA:34,0
DA:35,0
DA:40,1
DA:42,1
DA:43,1
DA:44,1
DA:48,1
LF:15
LH:13
BRDA:27,0,0,1
BRDA:42,1,0,1
BRDA:42,2,0,1
BRDA:42,2,1,1
BRF:4
BRH:4
end_of_record
TN:
SF:src\use-cases\ClientValidation.ts
FN:12,validateNit
FNF:1
FNH:1
FNDA:1,validateNit
DA:3,1
DA:12,1
DA:13,1
DA:14,1
LF:4
LH:4
BRF:0
BRH:0
end_of_record
